  [1m[35m (0.1ms)[0m  [1m[35mDROP DATABASE IF EXISTS "furrly_development"[0m
  ↳ /Users/mikenourian/.rbenv/versions/2.5.1/bin/rake:23
  [1m[35m (0.1ms)[0m  [1m[35mDROP DATABASE IF EXISTS "furrly_test"[0m
  ↳ /Users/mikenourian/.rbenv/versions/2.5.1/bin/rake:23
  [1m[35m (139.3ms)[0m  [1m[35mCREATE DATABASE "furrly_development" ENCODING = 'unicode'[0m
  ↳ /Users/mikenourian/.rbenv/versions/2.5.1/bin/rake:23
  [1m[35m (41.2ms)[0m  [1m[35mCREATE DATABASE "furrly_test" ENCODING = 'unicode'[0m
  ↳ /Users/mikenourian/.rbenv/versions/2.5.1/bin/rake:23
  [1m[35m (17.4ms)[0m  [1m[35mCREATE TABLE "schema_migrations" ("version" character varying NOT NULL PRIMARY KEY)[0m
  ↳ /Users/mikenourian/.rbenv/versions/2.5.1/bin/rake:23
  [1m[35m (4.5ms)[0m  [1m[35mCREATE TABLE "ar_internal_metadata" ("key" character varying NOT NULL PRIMARY KEY, "value" character varying, "created_at" timestamp NOT NULL, "updated_at" timestamp NOT NULL)[0m
  ↳ /Users/mikenourian/.rbenv/versions/2.5.1/bin/rake:23
  [1m[35m (0.2ms)[0m  [1m[34mSELECT pg_try_advisory_lock(5180271283783782375)[0m
  ↳ /Users/mikenourian/.rbenv/versions/2.5.1/bin/rake:23
  [1m[35m (0.6ms)[0m  [1m[34mSELECT "schema_migrations"."version" FROM "schema_migrations" ORDER BY "schema_migrations"."version" ASC[0m
  ↳ /Users/mikenourian/.rbenv/versions/2.5.1/bin/rake:23
Migrating to CreateCats (20190426222117)
  [1m[35m (0.2ms)[0m  [1m[35mBEGIN[0m
  ↳ /Users/mikenourian/.rbenv/versions/2.5.1/bin/rake:23
  [1m[35m (10.4ms)[0m  [1m[35mCREATE TABLE "cats" ("id" bigserial primary key, "birth_date" date NOT NULL, "color" character varying NOT NULL, "name" character varying NOT NULL, "sex" character varying(1) NOT NULL, "image_url" character varying NOT NULL, "description" text NOT NULL, "created_at" timestamp NOT NULL, "updated_at" timestamp NOT NULL)[0m
  ↳ db/migrate/20190426222117_create_cats.rb:3
  [1m[35m (1.4ms)[0m  [1m[35mCREATE  INDEX  "index_cats_on_name" ON "cats"  ("name")[0m
  ↳ db/migrate/20190426222117_create_cats.rb:14
  [1m[35m (1.3ms)[0m  [1m[35mCREATE  INDEX  "index_cats_on_sex" ON "cats"  ("sex")[0m
  ↳ db/migrate/20190426222117_create_cats.rb:15
  [1m[35m (1.2ms)[0m  [1m[35mCREATE  INDEX  "index_cats_on_color" ON "cats"  ("color")[0m
  ↳ db/migrate/20190426222117_create_cats.rb:16
  [1m[36mActiveRecord::SchemaMigration Create (0.5ms)[0m  [1m[32mINSERT INTO "schema_migrations" ("version") VALUES ($1) RETURNING "version"[0m  [["version", "20190426222117"]]
  ↳ /Users/mikenourian/.rbenv/versions/2.5.1/bin/rake:23
  [1m[35m (0.6ms)[0m  [1m[35mCOMMIT[0m
  ↳ /Users/mikenourian/.rbenv/versions/2.5.1/bin/rake:23
Migrating to CreateCatRentalRequests (20190427010726)
  [1m[35m (0.4ms)[0m  [1m[35mBEGIN[0m
  ↳ /Users/mikenourian/.rbenv/versions/2.5.1/bin/rake:23
  [1m[35m (4.6ms)[0m  [1m[35mCREATE TABLE "cat_rental_requests" ("id" bigserial primary key, "cat_id" integer NOT NULL, "start_date" date NOT NULL, "end_date" date NOT NULL, "status" character varying DEFAULT 'PENDING' NOT NULL, "created_at" timestamp NOT NULL, "updated_at" timestamp NOT NULL)[0m
  ↳ db/migrate/20190427010726_create_cat_rental_requests.rb:3
  [1m[35m (1.3ms)[0m  [1m[35mCREATE  INDEX  "index_cat_rental_requests_on_cat_id" ON "cat_rental_requests"  ("cat_id")[0m
  ↳ db/migrate/20190427010726_create_cat_rental_requests.rb:12
  [1m[36mActiveRecord::SchemaMigration Create (0.2ms)[0m  [1m[32mINSERT INTO "schema_migrations" ("version") VALUES ($1) RETURNING "version"[0m  [["version", "20190427010726"]]
  ↳ /Users/mikenourian/.rbenv/versions/2.5.1/bin/rake:23
  [1m[35m (0.3ms)[0m  [1m[35mCOMMIT[0m
  ↳ /Users/mikenourian/.rbenv/versions/2.5.1/bin/rake:23
Migrating to AddImageToCats (20190430011242)
  [1m[35m (0.4ms)[0m  [1m[35mBEGIN[0m
  ↳ /Users/mikenourian/.rbenv/versions/2.5.1/bin/rake:23
  [1m[35m (5.3ms)[0m  [1m[35mALTER TABLE "cats" ADD "image_url" character varying DEFAULT 'http://placekitten.com/g/230/230' NOT NULL[0m
  ↳ db/migrate/20190430011242_add_image_to_cats.rb:3
  [1m[35m (0.1ms)[0m  [1m[31mROLLBACK[0m
  ↳ /Users/mikenourian/.rbenv/versions/2.5.1/bin/rake:23
  [1m[35m (0.2ms)[0m  [1m[34mSELECT pg_advisory_unlock(5180271283783782375)[0m
  ↳ /Users/mikenourian/.rbenv/versions/2.5.1/bin/rake:23
  [1m[35m (0.2ms)[0m  [1m[34mSELECT pg_try_advisory_lock(5180271283783782375)[0m
  ↳ /Users/mikenourian/.rbenv/versions/2.5.1/bin/rake:23
  [1m[35m (1.4ms)[0m  [1m[34mSELECT "schema_migrations"."version" FROM "schema_migrations" ORDER BY "schema_migrations"."version" ASC[0m
  ↳ /Users/mikenourian/.rbenv/versions/2.5.1/bin/rake:23
Migrating to AddImageToCats (20190430011242)
  [1m[35m (0.1ms)[0m  [1m[35mBEGIN[0m
  ↳ /Users/mikenourian/.rbenv/versions/2.5.1/bin/rake:23
  [1m[35m (11.2ms)[0m  [1m[35mALTER TABLE "cats" ADD "image_url" character varying NOT NULL[0m
  ↳ db/migrate/20190430011242_add_image_to_cats.rb:3
  [1m[35m (0.1ms)[0m  [1m[31mROLLBACK[0m
  ↳ /Users/mikenourian/.rbenv/versions/2.5.1/bin/rake:23
  [1m[35m (0.2ms)[0m  [1m[34mSELECT pg_advisory_unlock(5180271283783782375)[0m
  ↳ /Users/mikenourian/.rbenv/versions/2.5.1/bin/rake:23
  [1m[35m (0.8ms)[0m  [1m[34mSELECT "schema_migrations"."version" FROM "schema_migrations" ORDER BY "schema_migrations"."version" ASC[0m
  ↳ /Users/mikenourian/.rbenv/versions/2.5.1/bin/rake:23
  [1m[35m (0.6ms)[0m  [1m[34mSELECT "ar_internal_metadata"."value" FROM "ar_internal_metadata" WHERE "ar_internal_metadata"."key" = $1[0m  [["key", "environment"]]
  ↳ /Users/mikenourian/.rbenv/versions/2.5.1/bin/rake:23
  [1m[35m (0.8ms)[0m  [1m[34mSELECT "schema_migrations"."version" FROM "schema_migrations" ORDER BY "schema_migrations"."version" ASC[0m
  ↳ /Users/mikenourian/.rbenv/versions/2.5.1/bin/rake:23
  [1m[35m (0.2ms)[0m  [1m[34mSELECT "ar_internal_metadata"."value" FROM "ar_internal_metadata" WHERE "ar_internal_metadata"."key" = $1[0m  [["key", "environment"]]
  ↳ /Users/mikenourian/.rbenv/versions/2.5.1/bin/rake:23
  [1m[35m (1.9ms)[0m  [1m[35mCREATE DATABASE "furrly_development" ENCODING = 'unicode'[0m
  ↳ /Users/mikenourian/.rbenv/versions/2.5.1/bin/rake:23
  [1m[35m (1.0ms)[0m  [1m[35mCREATE DATABASE "furrly_test" ENCODING = 'unicode'[0m
  ↳ /Users/mikenourian/.rbenv/versions/2.5.1/bin/rake:23
  [1m[35m (0.1ms)[0m  [1m[34mSELECT pg_try_advisory_lock(5180271283783782375)[0m
  ↳ /Users/mikenourian/.rbenv/versions/2.5.1/bin/rake:23
  [1m[35m (0.9ms)[0m  [1m[34mSELECT "schema_migrations"."version" FROM "schema_migrations" ORDER BY "schema_migrations"."version" ASC[0m
  ↳ /Users/mikenourian/.rbenv/versions/2.5.1/bin/rake:23
Migrating to AddImageToCats (20190430011242)
  [1m[35m (0.1ms)[0m  [1m[35mBEGIN[0m
  ↳ /Users/mikenourian/.rbenv/versions/2.5.1/bin/rake:23
  [1m[35m (4.5ms)[0m  [1m[35mALTER TABLE "cats" ADD "image_url" character varying DEFAULT 'http://placekitten.com/g/230/230' NOT NULL[0m
  ↳ db/migrate/20190430011242_add_image_to_cats.rb:3
  [1m[35m (0.1ms)[0m  [1m[31mROLLBACK[0m
  ↳ /Users/mikenourian/.rbenv/versions/2.5.1/bin/rake:23
  [1m[35m (0.2ms)[0m  [1m[34mSELECT pg_advisory_unlock(5180271283783782375)[0m
  ↳ /Users/mikenourian/.rbenv/versions/2.5.1/bin/rake:23
  [1m[35m (0.9ms)[0m  [1m[34mSELECT "schema_migrations"."version" FROM "schema_migrations" ORDER BY "schema_migrations"."version" ASC[0m
  ↳ /Users/mikenourian/.rbenv/versions/2.5.1/bin/rake:23
  [1m[35m (0.2ms)[0m  [1m[34mSELECT "ar_internal_metadata"."value" FROM "ar_internal_metadata" WHERE "ar_internal_metadata"."key" = $1[0m  [["key", "environment"]]
  ↳ /Users/mikenourian/.rbenv/versions/2.5.1/bin/rake:23
  [1m[35m (1.0ms)[0m  [1m[34mSELECT "schema_migrations"."version" FROM "schema_migrations" ORDER BY "schema_migrations"."version" ASC[0m
  ↳ /Users/mikenourian/.rbenv/versions/2.5.1/bin/rake:23
  [1m[35m (0.4ms)[0m  [1m[34mSELECT "ar_internal_metadata"."value" FROM "ar_internal_metadata" WHERE "ar_internal_metadata"."key" = $1[0m  [["key", "environment"]]
  ↳ /Users/mikenourian/.rbenv/versions/2.5.1/bin/rake:23
  [1m[36mActiveRecord::InternalMetadata Load (0.3ms)[0m  [1m[34mSELECT  "ar_internal_metadata".* FROM "ar_internal_metadata" WHERE "ar_internal_metadata"."key" = $1 LIMIT $2[0m  [["key", "environment"], ["LIMIT", 1]]
  ↳ bin/rails:9
  [1m[35m (0.1ms)[0m  [1m[35mBEGIN[0m
  ↳ bin/rails:9
  [1m[36mActiveRecord::InternalMetadata Create (2.6ms)[0m  [1m[32mINSERT INTO "ar_internal_metadata" ("key", "value", "created_at", "updated_at") VALUES ($1, $2, $3, $4) RETURNING "key"[0m  [["key", "environment"], ["value", "development"], ["created_at", "2022-11-17 02:05:51.534499"], ["updated_at", "2022-11-17 02:05:51.534499"]]
  ↳ bin/rails:9
  [1m[35m (1.1ms)[0m  [1m[35mCOMMIT[0m
  ↳ bin/rails:9
  [1m[35m (1.3ms)[0m  [1m[34mSELECT "schema_migrations"."version" FROM "schema_migrations" ORDER BY "schema_migrations"."version" ASC[0m
  ↳ /Users/mikenourian/.rbenv/versions/2.5.1/bin/rake:23
  [1m[35m (0.4ms)[0m  [1m[34mSELECT "ar_internal_metadata"."value" FROM "ar_internal_metadata" WHERE "ar_internal_metadata"."key" = $1[0m  [["key", "environment"]]
  ↳ /Users/mikenourian/.rbenv/versions/2.5.1/bin/rake:23
  [1m[35m (0.2ms)[0m  [1m[34mSELECT "schema_migrations"."version" FROM "schema_migrations" ORDER BY "schema_migrations"."version" ASC[0m
  ↳ /Users/mikenourian/.rbenv/versions/2.5.1/bin/rake:23
  [1m[35m (0.2ms)[0m  [1m[34mSELECT "ar_internal_metadata"."value" FROM "ar_internal_metadata" WHERE "ar_internal_metadata"."key" = $1[0m  [["key", "environment"]]
  ↳ /Users/mikenourian/.rbenv/versions/2.5.1/bin/rake:23
  [1m[35m (0.2ms)[0m  [1m[34mSELECT "schema_migrations"."version" FROM "schema_migrations" ORDER BY "schema_migrations"."version" ASC[0m
  ↳ /Users/mikenourian/.rbenv/versions/2.5.1/bin/rake:23
  [1m[35m (0.2ms)[0m  [1m[34mSELECT "ar_internal_metadata"."value" FROM "ar_internal_metadata" WHERE "ar_internal_metadata"."key" = $1[0m  [["key", "environment"]]
  ↳ /Users/mikenourian/.rbenv/versions/2.5.1/bin/rake:23
  [1m[35m (34.0ms)[0m  [1m[35mDROP DATABASE IF EXISTS "furrly_development"[0m
  ↳ /Users/mikenourian/.rbenv/versions/2.5.1/bin/rake:23
  [1m[35m (21.5ms)[0m  [1m[35mDROP DATABASE IF EXISTS "furrly_test"[0m
  ↳ /Users/mikenourian/.rbenv/versions/2.5.1/bin/rake:23
  [1m[35m (0.2ms)[0m  [1m[35mDROP DATABASE IF EXISTS "furrly_development"[0m
  ↳ /Users/mikenourian/.rbenv/versions/2.5.1/bin/rake:23
  [1m[35m (0.1ms)[0m  [1m[35mDROP DATABASE IF EXISTS "furrly_test"[0m
  ↳ /Users/mikenourian/.rbenv/versions/2.5.1/bin/rake:23
  [1m[35m (159.8ms)[0m  [1m[35mCREATE DATABASE "furrly_development" ENCODING = 'unicode'[0m
  ↳ /Users/mikenourian/.rbenv/versions/2.5.1/bin/rake:23
  [1m[35m (40.6ms)[0m  [1m[35mCREATE DATABASE "furrly_test" ENCODING = 'unicode'[0m
  ↳ /Users/mikenourian/.rbenv/versions/2.5.1/bin/rake:23
  [1m[35m (16.3ms)[0m  [1m[35mCREATE TABLE "schema_migrations" ("version" character varying NOT NULL PRIMARY KEY)[0m
  ↳ /Users/mikenourian/.rbenv/versions/2.5.1/bin/rake:23
  [1m[35m (4.6ms)[0m  [1m[35mCREATE TABLE "ar_internal_metadata" ("key" character varying NOT NULL PRIMARY KEY, "value" character varying, "created_at" timestamp NOT NULL, "updated_at" timestamp NOT NULL)[0m
  ↳ /Users/mikenourian/.rbenv/versions/2.5.1/bin/rake:23
  [1m[35m (0.2ms)[0m  [1m[34mSELECT pg_try_advisory_lock(5180271283783782375)[0m
  ↳ /Users/mikenourian/.rbenv/versions/2.5.1/bin/rake:23
  [1m[35m (0.6ms)[0m  [1m[34mSELECT "schema_migrations"."version" FROM "schema_migrations" ORDER BY "schema_migrations"."version" ASC[0m
  ↳ /Users/mikenourian/.rbenv/versions/2.5.1/bin/rake:23
Migrating to CreateCats (20190426222117)
  [1m[35m (2.4ms)[0m  [1m[35mBEGIN[0m
  ↳ /Users/mikenourian/.rbenv/versions/2.5.1/bin/rake:23
  [1m[35m (4.7ms)[0m  [1m[35mCREATE TABLE "cats" ("id" bigserial primary key, "birth_date" date NOT NULL, "color" character varying NOT NULL, "name" character varying NOT NULL, "sex" character varying(1) NOT NULL, "image_url" character varying NOT NULL, "description" text NOT NULL, "created_at" timestamp NOT NULL, "updated_at" timestamp NOT NULL)[0m
  ↳ db/migrate/20190426222117_create_cats.rb:3
  [1m[35m (1.3ms)[0m  [1m[35mCREATE  INDEX  "index_cats_on_name" ON "cats"  ("name")[0m
  ↳ db/migrate/20190426222117_create_cats.rb:14
  [1m[35m (1.2ms)[0m  [1m[35mCREATE  INDEX  "index_cats_on_sex" ON "cats"  ("sex")[0m
  ↳ db/migrate/20190426222117_create_cats.rb:15
  [1m[35m (1.3ms)[0m  [1m[35mCREATE  INDEX  "index_cats_on_color" ON "cats"  ("color")[0m
  ↳ db/migrate/20190426222117_create_cats.rb:16
  [1m[36mActiveRecord::SchemaMigration Create (0.4ms)[0m  [1m[32mINSERT INTO "schema_migrations" ("version") VALUES ($1) RETURNING "version"[0m  [["version", "20190426222117"]]
  ↳ /Users/mikenourian/.rbenv/versions/2.5.1/bin/rake:23
  [1m[35m (0.3ms)[0m  [1m[35mCOMMIT[0m
  ↳ /Users/mikenourian/.rbenv/versions/2.5.1/bin/rake:23
Migrating to CreateCatRentalRequests (20190427010726)
  [1m[35m (0.4ms)[0m  [1m[35mBEGIN[0m
  ↳ /Users/mikenourian/.rbenv/versions/2.5.1/bin/rake:23
  [1m[35m (4.4ms)[0m  [1m[35mCREATE TABLE "cat_rental_requests" ("id" bigserial primary key, "cat_id" integer NOT NULL, "start_date" date NOT NULL, "end_date" date NOT NULL, "status" character varying DEFAULT 'PENDING' NOT NULL, "created_at" timestamp NOT NULL, "updated_at" timestamp NOT NULL)[0m
  ↳ db/migrate/20190427010726_create_cat_rental_requests.rb:3
  [1m[35m (1.3ms)[0m  [1m[35mCREATE  INDEX  "index_cat_rental_requests_on_cat_id" ON "cat_rental_requests"  ("cat_id")[0m
  ↳ db/migrate/20190427010726_create_cat_rental_requests.rb:12
  [1m[36mActiveRecord::SchemaMigration Create (0.2ms)[0m  [1m[32mINSERT INTO "schema_migrations" ("version") VALUES ($1) RETURNING "version"[0m  [["version", "20190427010726"]]
  ↳ /Users/mikenourian/.rbenv/versions/2.5.1/bin/rake:23
  [1m[35m (0.5ms)[0m  [1m[35mCOMMIT[0m
  ↳ /Users/mikenourian/.rbenv/versions/2.5.1/bin/rake:23
Migrating to CreateUsersTable (20190502035143)
  [1m[35m (0.4ms)[0m  [1m[35mBEGIN[0m
  ↳ /Users/mikenourian/.rbenv/versions/2.5.1/bin/rake:23
  [1m[35m (4.2ms)[0m  [1m[35mCREATE TABLE "users" ("id" bigserial primary key, "username" character varying NOT NULL, "password_digest" character varying NOT NULL, "session_token" character varying NOT NULL, "created_at" timestamp NOT NULL, "updated_at" timestamp NOT NULL)[0m
  ↳ db/migrate/20190502035143_create_users_table.rb:3
  [1m[35m (1.2ms)[0m  [1m[35mCREATE UNIQUE INDEX  "index_users_on_username" ON "users"  ("username")[0m
  ↳ db/migrate/20190502035143_create_users_table.rb:11
  [1m[35m (1.2ms)[0m  [1m[35mCREATE UNIQUE INDEX  "index_users_on_session_token" ON "users"  ("session_token")[0m
  ↳ db/migrate/20190502035143_create_users_table.rb:12
  [1m[36mActiveRecord::SchemaMigration Create (0.2ms)[0m  [1m[32mINSERT INTO "schema_migrations" ("version") VALUES ($1) RETURNING "version"[0m  [["version", "20190502035143"]]
  ↳ /Users/mikenourian/.rbenv/versions/2.5.1/bin/rake:23
  [1m[35m (0.3ms)[0m  [1m[35mCOMMIT[0m
  ↳ /Users/mikenourian/.rbenv/versions/2.5.1/bin/rake:23
Migrating to AddUserIdToCats (20190503001507)
  [1m[35m (0.4ms)[0m  [1m[35mBEGIN[0m
  ↳ /Users/mikenourian/.rbenv/versions/2.5.1/bin/rake:23
  [1m[35m (5.0ms)[0m  [1m[35mALTER TABLE "cats" ADD "user_id" integer DEFAULT 1 NOT NULL[0m
  ↳ db/migrate/20190503001507_add_user_id_to_cats.rb:3
  [1m[35m (1.1ms)[0m  [1m[35mCREATE  INDEX  "index_cats_on_user_id" ON "cats"  ("user_id")[0m
  ↳ db/migrate/20190503001507_add_user_id_to_cats.rb:4
  [1m[36mActiveRecord::SchemaMigration Create (0.1ms)[0m  [1m[32mINSERT INTO "schema_migrations" ("version") VALUES ($1) RETURNING "version"[0m  [["version", "20190503001507"]]
  ↳ /Users/mikenourian/.rbenv/versions/2.5.1/bin/rake:23
  [1m[35m (0.4ms)[0m  [1m[35mCOMMIT[0m
  ↳ /Users/mikenourian/.rbenv/versions/2.5.1/bin/rake:23
Migrating to AddUserIdToCatRentalRequests (20190503041829)
  [1m[35m (0.1ms)[0m  [1m[35mBEGIN[0m
  ↳ /Users/mikenourian/.rbenv/versions/2.5.1/bin/rake:23
  [1m[35m (0.2ms)[0m  [1m[35mALTER TABLE "cat_rental_requests" ADD "user_id" integer DEFAULT 5 NOT NULL[0m
  ↳ db/migrate/20190503041829_add_user_id_to_cat_rental_requests.rb:3
  [1m[35m (1.5ms)[0m  [1m[35mCREATE  INDEX  "index_cat_rental_requests_on_user_id" ON "cat_rental_requests"  ("user_id")[0m
  ↳ db/migrate/20190503041829_add_user_id_to_cat_rental_requests.rb:4
  [1m[36mActiveRecord::SchemaMigration Create (0.1ms)[0m  [1m[32mINSERT INTO "schema_migrations" ("version") VALUES ($1) RETURNING "version"[0m  [["version", "20190503041829"]]
  ↳ /Users/mikenourian/.rbenv/versions/2.5.1/bin/rake:23
  [1m[35m (0.2ms)[0m  [1m[35mCOMMIT[0m
  ↳ /Users/mikenourian/.rbenv/versions/2.5.1/bin/rake:23
Migrating to RemoveDefaultsFromCatsAndRentals (20190503042336)
  [1m[35m (0.1ms)[0m  [1m[35mBEGIN[0m
  ↳ /Users/mikenourian/.rbenv/versions/2.5.1/bin/rake:23
  [1m[35m (4.6ms)[0m  [1m[35mALTER TABLE "cats" ALTER COLUMN "user_id" DROP DEFAULT[0m
  ↳ db/migrate/20190503042336_remove_defaults_from_cats_and_rentals.rb:3
  [1m[35m (0.2ms)[0m  [1m[35mALTER TABLE "cat_rental_requests" ALTER COLUMN "user_id" DROP DEFAULT[0m
  ↳ db/migrate/20190503042336_remove_defaults_from_cats_and_rentals.rb:4
  [1m[36mActiveRecord::SchemaMigration Create (0.3ms)[0m  [1m[32mINSERT INTO "schema_migrations" ("version") VALUES ($1) RETURNING "version"[0m  [["version", "20190503042336"]]
  ↳ /Users/mikenourian/.rbenv/versions/2.5.1/bin/rake:23
  [1m[35m (0.2ms)[0m  [1m[35mCOMMIT[0m
  ↳ /Users/mikenourian/.rbenv/versions/2.5.1/bin/rake:23
  [1m[36mActiveRecord::InternalMetadata Load (0.4ms)[0m  [1m[34mSELECT  "ar_internal_metadata".* FROM "ar_internal_metadata" WHERE "ar_internal_metadata"."key" = $1 LIMIT $2[0m  [["key", "environment"], ["LIMIT", 1]]
  ↳ /Users/mikenourian/.rbenv/versions/2.5.1/bin/rake:23
  [1m[35m (2.8ms)[0m  [1m[35mBEGIN[0m
  ↳ /Users/mikenourian/.rbenv/versions/2.5.1/bin/rake:23
  [1m[36mActiveRecord::InternalMetadata Create (0.6ms)[0m  [1m[32mINSERT INTO "ar_internal_metadata" ("key", "value", "created_at", "updated_at") VALUES ($1, $2, $3, $4) RETURNING "key"[0m  [["key", "environment"], ["value", "development"], ["created_at", "2022-11-17 02:07:19.368495"], ["updated_at", "2022-11-17 02:07:19.368495"]]
  ↳ /Users/mikenourian/.rbenv/versions/2.5.1/bin/rake:23
  [1m[35m (0.3ms)[0m  [1m[35mCOMMIT[0m
  ↳ /Users/mikenourian/.rbenv/versions/2.5.1/bin/rake:23
  [1m[35m (0.2ms)[0m  [1m[34mSELECT pg_advisory_unlock(5180271283783782375)[0m
  ↳ /Users/mikenourian/.rbenv/versions/2.5.1/bin/rake:23
  [1m[35m (0.1ms)[0m  [1m[34mSELECT "schema_migrations"."version" FROM "schema_migrations" ORDER BY "schema_migrations"."version" ASC[0m
  ↳ /Users/mikenourian/.rbenv/versions/2.5.1/bin/rake:23
